#
# There is insufficient memory for the Java Runtime Environment to continue.
# Native memory allocation (malloc) failed to allocate 1044416 bytes for Chunk::new
# Possible reasons:
#   The system is out of physical RAM or swap space
#   In 32 bit mode, the process size limit was hit
# Possible solutions:
#   Reduce memory load on the system
#   Increase physical memory or swap space
#   Check if swap backing store is full
#   Use 64 bit Java on a 64 bit OS
#   Decrease Java heap size (-Xmx/-Xms)
#   Decrease number of Java threads
#   Decrease Java thread stack sizes (-Xss)
#   Set larger code cache with -XX:ReservedCodeCacheSize=
# This output file may be truncated or incomplete.
#
#  Out of Memory Error (allocation.cpp:390), pid=35368, tid=0x0000000000008bc8
#
# JRE version: Java(TM) SE Runtime Environment (8.0_152-b16) (build 1.8.0_152-b16)
# Java VM: Java HotSpot(TM) 64-Bit Server VM (25.152-b16 mixed mode windows-amd64 compressed oops)
# Failed to write core dump. Minidumps are not enabled by default on client versions of Windows
#

---------------  T H R E A D  ---------------

Current thread (0x000000001eeaf000):  JavaThread "C2 CompilerThread1" daemon [_thread_in_native, id=35784, stack(0x0000000020b70000,0x0000000020c70000)]

Stack: [0x0000000020b70000,0x0000000020c70000]
[error occurred during error reporting (printing stack bounds), id 0xc0000005]

Native frames: (J=compiled Java code, j=interpreted, Vv=VM code, C=native code)


Current CompileTask:
C2:   3169 2373       4       java.net.URLClassLoader$1::run (5 bytes)


---------------  P R O C E S S  ---------------

Java Threads: ( => current thread )
  0x000000001efc8000 JavaThread "Service Thread" daemon [_thread_blocked, id=10728, stack(0x0000000021770000,0x0000000021870000)]
  0x000000001eefe000 JavaThread "C1 CompilerThread11" daemon [_thread_blocked, id=21780, stack(0x0000000021570000,0x0000000021670000)]
  0x000000001eefc800 JavaThread "C1 CompilerThread10" daemon [_thread_blocked, id=35436, stack(0x0000000021470000,0x0000000021570000)]
  0x000000001eedf000 JavaThread "C1 CompilerThread9" daemon [_thread_blocked, id=19548, stack(0x0000000021370000,0x0000000021470000)]
  0x000000001eece000 JavaThread "C1 CompilerThread8" daemon [_thread_blocked, id=23808, stack(0x0000000021270000,0x0000000021370000)]
  0x000000001eec5800 JavaThread "C2 CompilerThread7" daemon [_thread_blocked, id=31252, stack(0x0000000021170000,0x0000000021270000)]
  0x000000001eeba800 JavaThread "C2 CompilerThread6" daemon [_thread_in_native, id=32904, stack(0x0000000021070000,0x0000000021170000)]
  0x000000001eeb5000 JavaThread "C2 CompilerThread5" daemon [_thread_blocked, id=24176, stack(0x0000000020f70000,0x0000000021070000)]
  0x000000001eeb4000 JavaThread "C2 CompilerThread4" daemon [_thread_blocked, id=17832, stack(0x0000000020e70000,0x0000000020f70000)]
  0x000000001eeb3800 JavaThread "C2 CompilerThread3" daemon [_thread_blocked, id=12004, stack(0x0000000020d70000,0x0000000020e70000)]
  0x000000001eeb1800 JavaThread "C2 CompilerThread2" daemon [_thread_blocked, id=19240, stack(0x0000000020c70000,0x0000000020d70000)]
=>0x000000001eeaf000 JavaThread "C2 CompilerThread1" daemon [_thread_in_native, id=35784, stack(0x0000000020b70000,0x0000000020c70000)]
  0x000000001eeac000 JavaThread "C2 CompilerThread0" daemon [_thread_in_native, id=25468, stack(0x0000000020a70000,0x0000000020b70000)]
  0x000000001eea7000 JavaThread "Monitor Ctrl-Break" daemon [_thread_in_native, id=17144, stack(0x0000000020970000,0x0000000020a70000)]
  0x000000001ee29800 JavaThread "Attach Listener" daemon [_thread_blocked, id=21820, stack(0x0000000020870000,0x0000000020970000)]
  0x000000001ee7f000 JavaThread "Signal Dispatcher" daemon [_thread_blocked, id=27512, stack(0x0000000020770000,0x0000000020870000)]
  0x000000001ee06000 JavaThread "Finalizer" daemon [_thread_blocked, id=32684, stack(0x0000000020670000,0x0000000020770000)]
  0x000000001d390000 JavaThread "Reference Handler" daemon [_thread_blocked, id=15704, stack(0x0000000020570000,0x0000000020670000)]
  0x0000000003852800 JavaThread "main" [_thread_in_native, id=35188, stack(0x0000000003500000,0x0000000003600000)]

Other Threads:
  0x000000001ede3800 VMThread [stack: 0x0000000020470000,0x0000000020570000] [id=25448]
  0x000000001efec000 WatcherThread [stack: 0x0000000021870000,0x0000000021970000] [id=27540]

VM state:not at safepoint (normal execution)

VM Mutex/Monitor currently owned by a thread: None

Heap:
 PSYoungGen      total 73728K, used 17055K [0x000000076e000000, 0x0000000773200000, 0x00000007c0000000)
  eden space 63488K, 10% used [0x000000076e000000,0x000000076e6a9f50,0x0000000771e00000)
  from space 10240K, 99% used [0x0000000772800000,0x00000007731fe050,0x0000000773200000)
  to   space 10240K, 0% used [0x0000000771e00000,0x0000000771e00000,0x0000000772800000)
 ParOldGen       total 167936K, used 642K [0x00000006ca000000, 0x00000006d4400000, 0x000000076e000000)
  object space 167936K, 0% used [0x00000006ca000000,0x00000006ca0a0a08,0x00000006d4400000)
 Metaspace       used 18863K, capacity 19478K, committed 19712K, reserved 1067008K
  class space    used 2348K, capacity 2518K, committed 2560K, reserved 1048576K

Card table byte_map: [0x0000000012d10000,0x00000000134d0000] byte_map_base: 0x000000000f6c0000

Marking Bits: (ParMarkBitMap*) 0x0000000070100860
 Begin Bits: [0x00000000146f0000, 0x0000000018470000)
 End Bits:   [0x0000000018470000, 0x000000001c1f0000)

Polling page: 0x0000000001360000

CodeCache: size=245760Kb used=10042Kb max_used=10042Kb free=235717Kb
 bounds [0x0000000003950000, 0x0000000004330000, 0x0000000012950000]
 total_blobs=2915 nmethods=2525 adapters=300
 compilation: enabled

Compilation events (10 events):
Event: 3.155 Thread 0x000000001eefe000 2504       3       java.util.Arrays$ArrayList::indexOf (62 bytes)
Event: 3.155 Thread 0x000000001eefe000 nmethod 2504 0x0000000004313190 code [0x0000000004313320, 0x00000000043137c8]
Event: 3.156 Thread 0x000000001eece000 2505       3       org.eclipse.sisu.inject.LocatedBeans$Itr::next (5 bytes)
Event: 3.156 Thread 0x000000001eedf000 2506       3       org.eclipse.sisu.inject.LocatedBeans$Itr::next (32 bytes)
Event: 3.156 Thread 0x000000001eedf000 nmethod 2506 0x0000000004313950 code [0x0000000004313ac0, 0x0000000004313df8]
Event: 3.156 Thread 0x000000001eece000 nmethod 2505 0x0000000004313f10 code [0x00000000043140a0, 0x00000000043144b8]
Event: 3.157 Thread 0x000000001eefc800 2507       1       com.google.inject.internal.ConstructionContext::getCurrentReference (5 bytes)
Event: 3.157 Thread 0x000000001eefe000 2508       1       java.lang.reflect.AccessibleObject::isAccessible (5 bytes)
Event: 3.157 Thread 0x000000001eefc800 nmethod 2507 0x0000000004314610 code [0x0000000004314760, 0x0000000004314870]
Event: 3.157 Thread 0x000000001eefe000 nmethod 2508 0x00000000043148d0 code [0x0000000004314a20, 0x0000000004314b30]

GC Heap History (4 events):
Event: 2.368 GC heap before
{Heap before GC invocations=1 (full 0):
 PSYoungGen      total 73728K, used 63488K [0x000000076e000000, 0x0000000773200000, 0x00000007c0000000)
  eden space 63488K, 100% used [0x000000076e000000,0x0000000771e00000,0x0000000771e00000)
  from space 10240K, 0% used [0x0000000772800000,0x0000000772800000,0x0000000773200000)
  to   space 10240K, 0% used [0x0000000771e00000,0x0000000771e00000,0x0000000772800000)
 ParOldGen       total 167936K, used 0K [0x00000006ca000000, 0x00000006d4400000, 0x000000076e000000)
  object space 167936K, 0% used [0x00000006ca000000,0x00000006ca000000,0x00000006d4400000)
 Metaspace       used 11390K, capacity 11724K, committed 11776K, reserved 1058816K
  class space    used 1388K, capacity 1496K, committed 1536K, reserved 1048576K
Event: 2.374 GC heap after
Heap after GC invocations=1 (full 0):
 PSYoungGen      total 73728K, used 8975K [0x000000076e000000, 0x0000000773200000, 0x00000007c0000000)
  eden space 63488K, 0% used [0x000000076e000000,0x000000076e000000,0x0000000771e00000)
  from space 10240K, 87% used [0x0000000771e00000,0x00000007726c3cb0,0x0000000772800000)
  to   space 10240K, 0% used [0x0000000772800000,0x0000000772800000,0x0000000773200000)
 ParOldGen       total 167936K, used 16K [0x00000006ca000000, 0x00000006d4400000, 0x000000076e000000)
  object space 167936K, 0% used [0x00000006ca000000,0x00000006ca004000,0x00000006d4400000)
 Metaspace       used 11390K, capacity 11724K, committed 11776K, reserved 1058816K
  class space    used 1388K, capacity 1496K, committed 1536K, reserved 1048576K
}
Event: 3.082 GC heap before
{Heap before GC invocations=2 (full 0):
 PSYoungGen      total 73728K, used 72463K [0x000000076e000000, 0x0000000773200000, 0x00000007c0000000)
  eden space 63488K, 100% used [0x000000076e000000,0x0000000771e00000,0x0000000771e00000)
  from space 10240K, 87% used [0x0000000771e00000,0x00000007726c3cb0,0x0000000772800000)
  to   space 10240K, 0% used [0x0000000772800000,0x0000000772800000,0x0000000773200000)
 ParOldGen       total 167936K, used 16K [0x00000006ca000000, 0x00000006d4400000, 0x000000076e000000)
  object space 167936K, 0% used [0x00000006ca000000,0x00000006ca004000,0x00000006d4400000)
 Metaspace       used 18193K, capacity 18762K, committed 18944K, reserved 1064960K
  class space    used 2288K, capacity 2451K, committed 2560K, reserved 1048576K
Event: 3.095 GC heap after
Heap after GC invocations=2 (full 0):
 PSYoungGen      total 73728K, used 10232K [0x000000076e000000, 0x0000000773200000, 0x00000007c0000000)
  eden space 63488K, 0% used [0x000000076e000000,0x000000076e000000,0x0000000771e00000)
  from space 10240K, 99% used [0x0000000772800000,0x00000007731fe050,0x0000000773200000)
  to   space 10240K, 0% used [0x0000000771e00000,0x0000000771e00000,0x0000000772800000)
 ParOldGen       total 167936K, used 642K [0x00000006ca000000, 0x00000006d4400000, 0x000000076e000000)
  object space 167936K, 0% used [0x00000006ca000000,0x00000006ca0a0a08,0x00000006d4400000)
 Metaspace       used 18193K, capacity 18762K, committed 18944K, reserved 1064960K
  class space    used 2288K, capacity 2451K, committed 2560K, reserved 1048576K
}

Deoptimization events (10 events):
Event: 3.021 Thread 0x0000000003852800 Uncommon trap: reason=class_check action=maybe_recompile pc=0x000000000429028c method=java.util.regex.Pattern$7.isSatisfiedBy(I)Z @ 5
Event: 3.021 Thread 0x0000000003852800 Uncommon trap: reason=class_check action=maybe_recompile pc=0x0000000003f0aabc method=java.util.regex.Pattern$7.isSatisfiedBy(I)Z @ 5
Event: 3.049 Thread 0x0000000003852800 Uncommon trap: reason=unstable_if action=reinterpret pc=0x0000000003dcacc0 method=java.lang.AbstractStringBuilder.append(Ljava/lang/String;)Ljava/lang/AbstractStringBuilder; @ 1
Event: 3.049 Thread 0x0000000003852800 Uncommon trap: reason=unstable_if action=reinterpret pc=0x0000000003d823fc method=java.lang.AbstractStringBuilder.append(Ljava/lang/String;)Ljava/lang/AbstractStringBuilder; @ 1
Event: 3.104 Thread 0x0000000003852800 Uncommon trap: reason=unstable_if action=reinterpret pc=0x0000000003cccbcc method=java.lang.String.replace(CC)Ljava/lang/String; @ 2
Event: 3.118 Thread 0x0000000003852800 Uncommon trap: reason=class_check action=maybe_recompile pc=0x00000000041c9824 method=java.util.HashMap.putVal(ILjava/lang/Object;Ljava/lang/Object;ZZ)Ljava/lang/Object; @ 203
Event: 3.118 Thread 0x0000000003852800 Uncommon trap: reason=class_check action=maybe_recompile pc=0x00000000041c9824 method=java.util.HashMap.putVal(ILjava/lang/Object;Ljava/lang/Object;ZZ)Ljava/lang/Object; @ 203
Event: 3.118 Thread 0x0000000003852800 Uncommon trap: reason=class_check action=maybe_recompile pc=0x00000000041c9824 method=java.util.HashMap.putVal(ILjava/lang/Object;Ljava/lang/Object;ZZ)Ljava/lang/Object; @ 203
Event: 3.118 Thread 0x0000000003852800 Uncommon trap: reason=class_check action=maybe_recompile pc=0x00000000041c9824 method=java.util.HashMap.putVal(ILjava/lang/Object;Ljava/lang/Object;ZZ)Ljava/lang/Object; @ 203
Event: 3.156 Thread 0x0000000003852800 Uncommon trap: reason=class_check action=maybe_recompile pc=0x00000000042ed5ec method=java.util.HashMap.putVal(ILjava/lang/Object;Ljava/lang/Object;ZZ)Ljava/lang/Object; @ 203

Classes redefined (0 events):
No events

Internal exceptions (10 events):
Event: 2.128 Thread 0x0000000003852800 Exception <a 'java/lang/ArrayIndexOutOfBoundsException'> (0x00000007701b8670) thrown at [C:\re\workspace\8-2-build-windows-amd64-cygwin\jdk8u152\9742\hotspot\src\share\vm\runtime\sharedRuntime.cpp, line 605]
Event: 2.135 Thread 0x0000000003852800 Exception <a 'java/lang/ArrayIndexOutOfBoundsException'> (0x00000007702294c0) thrown at [C:\re\workspace\8-2-build-windows-amd64-cygwin\jdk8u152\9742\hotspot\src\share\vm\runtime\sharedRuntime.cpp, line 605]
Event: 2.139 Thread 0x0000000003852800 Exception <a 'java/lang/NoClassDefFoundError': javax/enterprise/inject/Typed> (0x000000077025e270) thrown at [C:\re\workspace\8-2-build-windows-amd64-cygwin\jdk8u152\9742\hotspot\src\share\vm\classfile\systemDictionary.cpp, line 199]
Event: 2.203 Thread 0x0000000003852800 Exception <a 'java/lang/ArrayIndexOutOfBoundsException'> (0x0000000770afd788) thrown at [C:\re\workspace\8-2-build-windows-amd64-cygwin\jdk8u152\9742\hotspot\src\share\vm\runtime\sharedRuntime.cpp, line 605]
Event: 2.204 Thread 0x0000000003852800 Exception <a 'java/lang/ArrayIndexOutOfBoundsException'> (0x0000000770b020d0) thrown at [C:\re\workspace\8-2-build-windows-amd64-cygwin\jdk8u152\9742\hotspot\src\share\vm\runtime\sharedRuntime.cpp, line 605]
Event: 2.693 Thread 0x0000000003852800 Implicit null exception at 0x0000000003e5e34c to 0x0000000003e5e4fd
Event: 2.869 Thread 0x0000000003852800 Exception <a 'java/lang/NoClassDefFoundError': com/google/inject/servlet/ServletModuleTargetVisitor> (0x0000000770ff7248) thrown at [C:\re\workspace\8-2-build-windows-amd64-cygwin\jdk8u152\9742\hotspot\src\share\vm\classfile\systemDictionary.cpp, line 199
Event: 2.869 Thread 0x0000000003852800 Exception <a 'java/lang/NoClassDefFoundError'> (0x0000000770ff7248) thrown at [C:\re\workspace\8-2-build-windows-amd64-cygwin\jdk8u152\9742\hotspot\src\share\vm\prims\jvm.cpp, line 1394]
Event: 3.049 Thread 0x0000000003852800 Implicit null exception at 0x0000000003dca916 to 0x0000000003dcaca5
Event: 3.049 Thread 0x0000000003852800 Implicit null exception at 0x0000000003d82056 to 0x0000000003d823e1

Events (10 events):
Event: 3.156 Thread 0x0000000003852800 DEOPT PACKING pc=0x00000000042ed5ec sp=0x00000000035fc160
Event: 3.156 Thread 0x0000000003852800 DEOPT UNPACKING pc=0x000000000399582a sp=0x00000000035fc020 mode 2
Event: 3.157 loading class org/apache/commons/lang3/Validate
Event: 3.157 loading class org/apache/commons/lang3/Validate done
Event: 3.158 loading class org/apache/maven/project/DefaultProjectBuilder$1
Event: 3.158 loading class org/apache/maven/project/DefaultProjectBuilder$1 done
Event: 3.158 loading class org/apache/maven/project/DefaultProjectBuilder$InterimResult
Event: 3.159 loading class org/apache/maven/project/DefaultProjectBuilder$InterimResult done
Event: 3.159 loading class org/apache/maven/model/building/ModelBuildingEventCatapult$1
Event: 3.159 loading class org/apache/maven/model/building/ModelBuildingEventCatapult$1 done


Dynamic libraries:
0x00007ff7f8170000 - 0x00007ff7f81a7000 	C:\Program Files\Java\jdk1.8.0_152\bin\java.exe
0x00007ff8a5bf0000 - 0x00007ff8a5e04000 	C:\WINDOWS\SYSTEM32\ntdll.dll
0x00007ff8a4b80000 - 0x00007ff8a4c43000 	C:\WINDOWS\System32\KERNEL32.DLL
0x00007ff8a3510000 - 0x00007ff8a38ac000 	C:\WINDOWS\System32\KERNELBASE.dll
0x00007ff8a5480000 - 0x00007ff8a552e000 	C:\WINDOWS\System32\ADVAPI32.dll
0x00007ff8a3bd0000 - 0x00007ff8a3c77000 	C:\WINDOWS\System32\msvcrt.dll
0x00007ff8a5af0000 - 0x00007ff8a5b94000 	C:\WINDOWS\System32\sechost.dll
0x00007ff8a3a60000 - 0x00007ff8a3b75000 	C:\WINDOWS\System32\RPCRT4.dll
0x00007ff8a52d0000 - 0x00007ff8a547d000 	C:\WINDOWS\System32\USER32.dll
0x00007ff8a39d0000 - 0x00007ff8a39f6000 	C:\WINDOWS\System32\win32u.dll
0x00007ff8a4240000 - 0x00007ff8a4269000 	C:\WINDOWS\System32\GDI32.dll
0x00007ff8a38b0000 - 0x00007ff8a39c3000 	C:\WINDOWS\System32\gdi32full.dll
0x00007ff8a3470000 - 0x00007ff8a350a000 	C:\WINDOWS\System32\msvcp_win.dll
0x00007ff8a30f0000 - 0x00007ff8a3201000 	C:\WINDOWS\System32\ucrtbase.dll
0x00007ff884880000 - 0x00007ff884b0e000 	C:\WINDOWS\WinSxS\amd64_microsoft.windows.common-controls_6595b64144ccf1df_6.0.22621.436_none_a94247dbc10d8414\COMCTL32.dll
0x00007ff8a5620000 - 0x00007ff8a5651000 	C:\WINDOWS\System32\IMM32.DLL
0x0000000070180000 - 0x0000000070252000 	C:\Program Files\Java\jdk1.8.0_152\jre\bin\msvcr100.dll
0x000000006f8e0000 - 0x0000000070180000 	C:\Program Files\Java\jdk1.8.0_152\jre\bin\server\jvm.dll
0x00007ff8a5260000 - 0x00007ff8a5268000 	C:\WINDOWS\System32\PSAPI.DLL
0x00007ff883f50000 - 0x00007ff883f59000 	C:\WINDOWS\SYSTEM32\WSOCK32.dll
0x00007ff89f690000 - 0x00007ff89f6c4000 	C:\WINDOWS\SYSTEM32\WINMM.dll
0x00007ff896c30000 - 0x00007ff896c3a000 	C:\WINDOWS\SYSTEM32\VERSION.dll
0x00007ff8a3ea0000 - 0x00007ff8a3f11000 	C:\WINDOWS\System32\WS2_32.dll
0x000000006f8d0000 - 0x000000006f8df000 	C:\Program Files\Java\jdk1.8.0_152\jre\bin\verify.dll
0x000000006f8a0000 - 0x000000006f8c9000 	C:\Program Files\Java\jdk1.8.0_152\jre\bin\java.dll
0x000000006f6b0000 - 0x000000006f6d3000 	C:\Program Files\Java\jdk1.8.0_152\jre\bin\instrument.dll
0x000000006f880000 - 0x000000006f896000 	C:\Program Files\Java\jdk1.8.0_152\jre\bin\zip.dll
0x00007ff8a4390000 - 0x00007ff8a4b80000 	C:\WINDOWS\System32\SHELL32.dll
0x00007ff8a0ff0000 - 0x00007ff8a18bd000 	C:\WINDOWS\SYSTEM32\windows.storage.dll
0x00007ff8a4ed0000 - 0x00007ff8a5259000 	C:\WINDOWS\System32\combase.dll
0x00007ff8a0eb0000 - 0x00007ff8a0fee000 	C:\WINDOWS\SYSTEM32\wintypes.dll
0x00007ff8a3f20000 - 0x00007ff8a4011000 	C:\WINDOWS\System32\SHCORE.dll
0x00007ff8a5270000 - 0x00007ff8a52ce000 	C:\WINDOWS\System32\shlwapi.dll
0x00007ff8a2f60000 - 0x00007ff8a2f81000 	C:\WINDOWS\SYSTEM32\profapi.dll
0x00007ff89cf80000 - 0x00007ff89cf9a000 	C:\Program Files\JetBrains\IntelliJ IDEA Community Edition 2022.2.3\bin\breakgen64.dll
0x000000006f830000 - 0x000000006f84a000 	C:\Program Files\Java\jdk1.8.0_152\jre\bin\net.dll
0x00007ff8a24d0000 - 0x00007ff8a2539000 	C:\WINDOWS\system32\mswsock.dll
0x0000000069ac0000 - 0x0000000069ae4000 	C:\Users\he\AppData\Local\Temp\jansi-2.4.0-7a8bcfc1c6734f57-jansi.dll
0x000000006f810000 - 0x000000006f821000 	C:\Program Files\Java\jdk1.8.0_152\jre\bin\nio.dll

VM Arguments:
jvm_args: -Dmaven.multiModuleProjectDirectory=D:\MyProject\boot_docker -Dmaven.home=D:\apache-maven-3.9.0 -Dclassworlds.conf=D:\apache-maven-3.9.0\bin\m2.conf -Dmaven.ext.class.path=C:\Program Files\JetBrains\IntelliJ IDEA Community Edition 2022.2.3\plugins\maven\lib\maven-event-listener.jar -javaagent:C:\Program Files\JetBrains\IntelliJ IDEA Community Edition 2022.2.3\lib\idea_rt.jar=62867:C:\Program Files\JetBrains\IntelliJ IDEA Community Edition 2022.2.3\bin -Dfile.encoding=UTF-8 
java_command: org.codehaus.classworlds.Launcher -Didea.version=2022.2.3 -s D:\apache-maven-3.9.0\conf\settings.xml -Dmaven.repo.local=D:\apache-maven-3.9.0\repository -DskipTests=true package
java_class_path (initial): D:\apache-maven-3.9.0\boot\plexus-classworlds-2.6.0.jar;D:\apache-maven-3.9.0\boot\plexus-classworlds.license;C:\Program Files\JetBrains\IntelliJ IDEA Community Edition 2022.2.3\lib\idea_rt.jar
Launcher Type: SUN_STANDARD

Environment Variables:
JAVA_HOME=C:\Program Files\Java\jdk1.8.0_152
PATH=C:\Program Files\Erlang OTP\bin;C:\WINDOWS;C:\WINDOWS\System32\Wbem;C:\WINDOWS\System32\WindowsPowerShell\v1.0\;C:\WINDOWS\System32\OpenSSH\;C:\Program Files\Java\jdk1.8.0_152\bin;C:\Program Files (x86)\Dev-Cpp\MinGW\bin;D:\Development\apache-maven-3.8.4-bin\apache-maven-3.8.4\bin;C:\Program Files\Git\cmd;C:\Users\he\Desktop\新建文件夹\Redis-x64-5.0.10;C:\Program Files\nodejs\node_global;C:\Program Files\nodejs;C:\Program;%GOROOT%\bin;C:\Program Files\nodejs\;C:\Program Files\Go\bin;C:\Program Files (x86)\Go\bin;C:\Program Files (x86)\Lua\5.1;C:\Program Files (x86)\Lua\5.1\clibs;C:\Users\he\go\protoc-3.19.4-win64\bin;C:\WINDOWS\system32;D:\develop\gradle-7.4\bin;D:\develop\groovy-4.0.2\bin;D:\apache-maven-3.9.0\bin;;C:\Program Files\Docker\Docker\resources\bin;C:\ProgramData\DockerDesktop\version-bin;C:\Users\he\AppData\Local\Programs\Python\Python38\Scripts\;C:\Users\he\AppData\Local\Programs\Python\Python38\;C:\Program Files\MySQL\MySQL Shell 8.0\bin\;C:\Users\he\AppData\Local\Microsoft\WindowsApps;C:\Program Files\Bandizip\;C:\Users\he\AppData\Local\Programs\Microsoft VS Code\bin;C:\Users\he\AppData\Roaming\npm;C:\Users\he\go\bin;;C:\Program Files\JetBrains\GoLand 2021.3.4\bin;;C:\Program Files\JetBrains\CLion 2021.3.4\bin;
USERNAME=LXH
OS=Windows_NT
PROCESSOR_IDENTIFIER=AMD64 Family 23 Model 96 Stepping 1, AuthenticAMD



---------------  S Y S T E M  ---------------

OS: Windows 10.0 , 64 bit Build 22621 (10.0.22621.1325)

CPU:total 16 (initial active 16) (16 cores per cpu, 1 threads per core) family 23 model 96 stepping 1, cmov, cx8, fxsr, mmx, sse, sse2, sse3, ssse3, sse4.1, sse4.2, popcnt, avx, avx2, aes, clmul, mmxext, 3dnowpref, lzcnt, sse4a, tsc, tscinvbit, tscinv, bmi1

Memory: 4k page, physical 16119108k(1149824k free), swap 34207044k(5512k free)

vm_info: Java HotSpot(TM) 64-Bit Server VM (25.152-b16) for windows-amd64 JRE (1.8.0_152-b16), built on Sep 14 2017 02:29:36 by "java_re" with MS VC++ 10.0 (VS2010)

time: Mon Feb 27 21:34:15 2023
elapsed time: 3 seconds (0d 0h 0m 3s)

